[custom_lint] 2026-03-24T01:51:27.528318 Loading dynamic library failed: %1 is not a valid Win32 application.
[custom_lint] 2026-03-24T01:51:27.528318  (error code: 193)
[custom_lint] 2026-03-24T01:51:27.528318
[custom_lint] 2026-03-24T01:51:27.528318
[custom_lint] 2026-03-24T01:51:27.529322 lib\custom_lint_client.dart is not an AOT snapshot, it cannot be run with 'dartaotruntime'
[custom_lint] 2026-03-24T01:51:27.529322
[custom_lint] 2026-03-24T01:51:27.529322
Failed to start pluginsThe request analysis.setContextRoots failed with the following error:
RequestErrorCode.PLUGIN_ERROR
Bad state: Failed to start the plugins.
at:
#0      SocketCustomLintServerToClientChannel._checkInitializationFail.<anonymous closure> (package:custom_lint/src/v2/server_to_client_channel.dart:223)
<asynchronous suspension>
#1      Future.any.onValue (dart:async/future.dart:637)
<asynchronous suspension>

[custom_lint] 2026-03-24T01:52:03.516962 Loading dynamic library failed: %1 is not a valid Win32 application.
[custom_lint] 2026-03-24T01:52:03.516962  (error code: 193)
[custom_lint] 2026-03-24T01:52:03.516962
[custom_lint] 2026-03-24T01:52:03.516962
[custom_lint] 2026-03-24T01:52:03.519964 lib\custom_lint_client.dart is not an AOT snapshot, it cannot be run with 'dartaotruntime'
[custom_lint] 2026-03-24T01:52:03.519964
[custom_lint] 2026-03-24T01:52:03.519964
Failed to start pluginsThe request analysis.setContextRoots failed with the following error:
RequestErrorCode.PLUGIN_ERROR
Bad state: Failed to start the plugins.
at:
#0      SocketCustomLintServerToClientChannel._checkInitializationFail.<anonymous closure> (package:custom_lint/src/v2/server_to_client_channel.dart:223)
<asynchronous suspension>
#1      Future.any.onValue (dart:async/future.dart:637)
<asynchronous suspension>

[custom_lint] 2026-03-24T01:52:17.721593 Loading dynamic library failed: %1 is not a valid Win32 application.
[custom_lint] 2026-03-24T01:52:17.721593  (error code: 193)
[custom_lint] 2026-03-24T01:52:17.721593
[custom_lint] 2026-03-24T01:52:17.721593
[custom_lint] 2026-03-24T01:52:17.722586 lib\custom_lint_client.dart is not an AOT snapshot, it cannot be run with 'dartaotruntime'
[custom_lint] 2026-03-24T01:52:17.722586
[custom_lint] 2026-03-24T01:52:17.722586
Failed to start pluginsThe request analysis.setContextRoots failed with the following error:
RequestErrorCode.PLUGIN_ERROR
Bad state: Failed to start the plugins.
at:
#0      SocketCustomLintServerToClientChannel._checkInitializationFail.<anonymous closure> (package:custom_lint/src/v2/server_to_client_channel.dart:223)
<asynchronous suspension>
#1      Future.any.onValue (dart:async/future.dart:637)
<asynchronous suspension>

[custom_lint] 2026-03-24T01:52:39.515660 Loading dynamic library failed: %1 is not a valid Win32 application.
[custom_lint] 2026-03-24T01:52:39.515660  (error code: 193)
[custom_lint] 2026-03-24T01:52:39.515660
[custom_lint] 2026-03-24T01:52:39.515660
[custom_lint] 2026-03-24T01:52:39.516662 lib\custom_lint_client.dart is not an AOT snapshot, it cannot be run with 'dartaotruntime'
[custom_lint] 2026-03-24T01:52:39.516662
[custom_lint] 2026-03-24T01:52:39.516662
Failed to start pluginsThe request analysis.setContextRoots failed with the following error:
RequestErrorCode.PLUGIN_ERROR
Bad state: Failed to start the plugins.
at:
#0      SocketCustomLintServerToClientChannel._checkInitializationFail.<anonymous closure> (package:custom_lint/src/v2/server_to_client_channel.dart:223)
<asynchronous suspension>
#1      Future.any.onValue (dart:async/future.dart:637)
<asynchronous suspension>

[custom_lint] 2026-03-24T01:52:47.749536 Loading dynamic library failed: %1 is not a valid Win32 application.
[custom_lint] 2026-03-24T01:52:47.749536  (error code: 193)
[custom_lint] 2026-03-24T01:52:47.749536
[custom_lint] 2026-03-24T01:52:47.749536
[custom_lint] 2026-03-24T01:52:47.749536 lib\custom_lint_client.dart is not an AOT snapshot, it cannot be run with 'dartaotruntime'
[custom_lint] 2026-03-24T01:52:47.749536
[custom_lint] 2026-03-24T01:52:47.749536
Failed to start pluginsThe request analysis.setContextRoots failed with the following error:
RequestErrorCode.PLUGIN_ERROR
Bad state: Failed to start the plugins.
at:
#0      SocketCustomLintServerToClientChannel._checkInitializationFail.<anonymous closure> (package:custom_lint/src/v2/server_to_client_channel.dart:223)
<asynchronous suspension>
#1      Future.any.onValue (dart:async/future.dart:637)
<asynchronous suspension>

[custom_lint] 2026-03-24T01:53:09.455892 Loading dynamic library failed: %1 is not a valid Win32 application.
[custom_lint] 2026-03-24T01:53:09.455892  (error code: 193)
[custom_lint] 2026-03-24T01:53:09.455892
[custom_lint] 2026-03-24T01:53:09.455892
[custom_lint] 2026-03-24T01:53:09.456894 lib\custom_lint_client.dart is not an AOT snapshot, it cannot be run with 'dartaotruntime'
[custom_lint] 2026-03-24T01:53:09.456894
[custom_lint] 2026-03-24T01:53:09.456894
Failed to start pluginsThe request analysis.setContextRoots failed with the following error:
RequestErrorCode.PLUGIN_ERROR
Bad state: Failed to start the plugins.
at:
#0      SocketCustomLintServerToClientChannel._checkInitializationFail.<anonymous closure> (package:custom_lint/src/v2/server_to_client_channel.dart:223)
<asynchronous suspension>
#1      Future.any.onValue (dart:async/future.dart:637)
<asynchronous suspension>

[custom_lint] 2026-03-24T01:53:18.181006 Loading dynamic library failed: %1 is not a valid Win32 application.
[custom_lint] 2026-03-24T01:53:18.181006  (error code: 193)
[custom_lint] 2026-03-24T01:53:18.181006
[custom_lint] 2026-03-24T01:53:18.181006
[custom_lint] 2026-03-24T01:53:18.182016 lib\custom_lint_client.dart is not an AOT snapshot, it cannot be run with 'dartaotruntime'
[custom_lint] 2026-03-24T01:53:18.182016
[custom_lint] 2026-03-24T01:53:18.182016
Failed to start pluginsThe request analysis.setContextRoots failed with the following error:
RequestErrorCode.PLUGIN_ERROR
Bad state: Failed to start the plugins.
at:
#0      SocketCustomLintServerToClientChannel._checkInitializationFail.<anonymous closure> (package:custom_lint/src/v2/server_to_client_channel.dart:223)
<asynchronous suspension>
#1      Future.any.onValue (dart:async/future.dart:637)
<asynchronous suspension>

[custom_lint] 2026-03-24T01:53:28.359234 Loading dynamic library failed: %1 is not a valid Win32 application.
[custom_lint] 2026-03-24T01:53:28.359234  (error code: 193)
[custom_lint] 2026-03-24T01:53:28.359234
[custom_lint] 2026-03-24T01:53:28.359234
[custom_lint] 2026-03-24T01:53:28.359234 lib\custom_lint_client.dart is not an AOT snapshot, it cannot be run with 'dartaotruntime'
[custom_lint] 2026-03-24T01:53:28.359234
[custom_lint] 2026-03-24T01:53:28.359234
Failed to start pluginsThe request analysis.setContextRoots failed with the following error:
RequestErrorCode.PLUGIN_ERROR
Bad state: Failed to start the plugins.
at:
#0      SocketCustomLintServerToClientChannel._checkInitializationFail.<anonymous closure> (package:custom_lint/src/v2/server_to_client_channel.dart:223)
<asynchronous suspension>
#1      Future.any.onValue (dart:async/future.dart:637)
<asynchronous suspension>

[custom_lint] 2026-03-24T01:53:37.709591 Loading dynamic library failed: %1 is not a valid Win32 application.
[custom_lint] 2026-03-24T01:53:37.709591  (error code: 193)
[custom_lint] 2026-03-24T01:53:37.709591
[custom_lint] 2026-03-24T01:53:37.709591
[custom_lint] 2026-03-24T01:53:37.710598 lib\custom_lint_client.dart is not an AOT snapshot, it cannot be run with 'dartaotruntime'
[custom_lint] 2026-03-24T01:53:37.710598
[custom_lint] 2026-03-24T01:53:37.710598
Failed to start pluginsThe request analysis.setContextRoots failed with the following error:
RequestErrorCode.PLUGIN_ERROR
Bad state: Failed to start the plugins.
at:
#0      SocketCustomLintServerToClientChannel._checkInitializationFail.<anonymous closure> (package:custom_lint/src/v2/server_to_client_channel.dart:223)
<asynchronous suspension>
#1      Future.any.onValue (dart:async/future.dart:637)
<asynchronous suspension>

